{"level":"error","message":"Loading mods: Error: ENOENT: no such file or directory, scandir 'C:\\Users\\flomu\\dbs\\BotFiles\\mods'","service":"user-service"}
{"level":"error","message":"Bot login: Error [TOKEN_INVALID]: An invalid token was provided.","service":"user-service"}
{"level":"error","message":"Loading mods: Error: ENOENT: no such file or directory, scandir 'C:\\Users\\flomu\\dbs\\BotFiles\\mods'","service":"user-service"}
{"level":"error","message":"Loading mods: Error: ENOENT: no such file or directory, scandir 'C:\\Users\\flomu\\dbs\\BotFiles\\mods'","service":"user-service"}
{"level":"error","message":"Loading mods: Error: ENOENT: no such file or directory, scandir 'C:\\Users\\manag\\Documents\\Bot\\BotFiles\\mods'","service":"user-service"}
{"level":"error","message":"Bot login: Error [DISALLOWED_INTENTS]: Privileged intent provided is not enabled or whitelisted.","service":"user-service"}
{"level":"error","message":"Loading mods: Error: ENOENT: no such file or directory, scandir 'C:\\Users\\manag\\Documents\\Bot\\BotFiles\\mods'","service":"user-service"}
{"level":"error","message":"Bot login: Error [DISALLOWED_INTENTS]: Privileged intent provided is not enabled or whitelisted.","service":"user-service"}
{"level":"error","message":"Loading mods: Error: ENOENT: no such file or directory, scandir 'C:\\Users\\manag\\Documents\\Bot\\BotFiles\\mods'","service":"user-service"}
{"level":"error","message":"Bot login: Error [DISALLOWED_INTENTS]: Privileged intent provided is not enabled or whitelisted.","service":"user-service"}
{"level":"error","message":"Loading mods: Error: ENOENT: no such file or directory, scandir 'C:\\Users\\manag\\Documents\\Bot\\BotFiles\\mods'","service":"user-service"}
{"level":"error","message":"Call next action: [help] TypeError: Cannot read property 'type' of undefined\n    at Object.DBS.callNextAction (C:\\Users\\manag\\Documents\\Bot\\BotFiles\\bot.js:127:20)\n    at Object.module.exports.Message_Handle (C:\\Users\\manag\\Documents\\Bot\\BotFiles\\Handlers\\Message.js:33:9)\n    at processTicksAndRejections (internal/process/task_queues.js:93:5)","service":"user-service"}
{"level":"error","message":"Loading mods: Error: ENOENT: no such file or directory, scandir 'C:\\Users\\manag\\Documents\\Bot\\BotFiles\\mods'","service":"user-service"}
{"level":"error","message":"Call next action: [help] TypeError: Cannot read property 'type' of undefined\n    at Object.DBS.callNextAction (C:\\Users\\manag\\Documents\\Bot\\BotFiles\\bot.js:127:20)\n    at Object.module.exports.Message_Handle (C:\\Users\\manag\\Documents\\Bot\\BotFiles\\Handlers\\Message.js:33:9)\n    at processTicksAndRejections (internal/process/task_queues.js:93:5)","service":"user-service"}
{"level":"error","message":"Loading mods: Error: ENOENT: no such file or directory, scandir 'C:\\Users\\manag\\Documents\\Bot\\BotFiles\\mods'","service":"user-service"}
{"level":"error","message":"Call next action: [n <@982248379352498256> Test] TypeError: Cannot read property 'type' of undefined\n    at Object.DBS.callNextAction (C:\\Users\\manag\\Documents\\Bot\\BotFiles\\bot.js:127:20)\n    at Object.module.exports.Message_Handle (C:\\Users\\manag\\Documents\\Bot\\BotFiles\\Handlers\\Message.js:33:9)\n    at processTicksAndRejections (internal/process/task_queues.js:93:5)","service":"user-service"}
{"level":"error","message":"Loading mods: Error: ENOENT: no such file or directory, scandir 'C:\\Users\\manag\\Documents\\Bot\\BotFiles\\mods'","service":"user-service"}
{"level":"error","message":"Call next action: [rns <@982248379352498256>] TypeError: Cannot read property 'type' of undefined\n    at Object.DBS.callNextAction (C:\\Users\\manag\\Documents\\Bot\\BotFiles\\bot.js:127:20)\n    at Object.module.exports.Message_Handle (C:\\Users\\manag\\Documents\\Bot\\BotFiles\\Handlers\\Message.js:33:9)\n    at processTicksAndRejections (internal/process/task_queues.js:93:5)","service":"user-service"}
{"level":"error","message":"Loading mods: Error: ENOENT: no such file or directory, scandir 'C:\\Users\\manag\\Documents\\Bot\\BotFiles\\mods'","service":"user-service"}
{"level":"error","message":"Call next action: [-warn <@811049727176081448>] TypeError: Cannot read property 'type' of undefined\n    at Object.DBS.callNextAction (C:\\Users\\manag\\Documents\\Bot\\BotFiles\\bot.js:127:20)\n    at Object.module.exports.Message_Handle (C:\\Users\\manag\\Documents\\Bot\\BotFiles\\Handlers\\Message.js:33:9)\n    at processTicksAndRejections (internal/process/task_queues.js:93:5)","service":"user-service"}
{"level":"error","message":"Call next action: [-warns <@811049727176081448>] TypeError: Cannot read property 'type' of undefined\n    at Object.DBS.callNextAction (C:\\Users\\manag\\Documents\\Bot\\BotFiles\\bot.js:127:20)\n    at Object.module.exports.Message_Handle (C:\\Users\\manag\\Documents\\Bot\\BotFiles\\Handlers\\Message.js:33:9)\n    at processTicksAndRejections (internal/process/task_queues.js:93:5)","service":"user-service"}
{"level":"error","message":"Call next action: [-warn <@811049727176081448> Test] TypeError: Cannot read property 'type' of undefined\n    at Object.DBS.callNextAction (C:\\Users\\manag\\Documents\\Bot\\BotFiles\\bot.js:127:20)\n    at Object.module.exports.Message_Handle (C:\\Users\\manag\\Documents\\Bot\\BotFiles\\Handlers\\Message.js:33:9)\n    at processTicksAndRejections (internal/process/task_queues.js:93:5)","service":"user-service"}
{"level":"error","message":"Call next action: [arn <@811049727176081448>] TypeError: Cannot read property 'type' of undefined\n    at Object.DBS.callNextAction (C:\\Users\\manag\\Documents\\Bot\\BotFiles\\bot.js:127:20)\n    at Object.module.exports.Message_Handle (C:\\Users\\manag\\Documents\\Bot\\BotFiles\\Handlers\\Message.js:33:9)\n    at processTicksAndRejections (internal/process/task_queues.js:93:5)","service":"user-service"}
{"level":"error","message":"Call next action: [-warns <@811049727176081448>] TypeError: Cannot read property 'type' of undefined\n    at Object.DBS.callNextAction (C:\\Users\\manag\\Documents\\Bot\\BotFiles\\bot.js:127:20)\n    at Object.module.exports.Message_Handle (C:\\Users\\manag\\Documents\\Bot\\BotFiles\\Handlers\\Message.js:33:9)\n    at processTicksAndRejections (internal/process/task_queues.js:93:5)","service":"user-service"}
{"level":"error","message":"Call next action: [-warn <@811049727176081448>] TypeError: Cannot read property 'type' of undefined\n    at Object.DBS.callNextAction (C:\\Users\\manag\\Documents\\Bot\\BotFiles\\bot.js:127:20)\n    at Object.module.exports.Message_Handle (C:\\Users\\manag\\Documents\\Bot\\BotFiles\\Handlers\\Message.js:33:9)\n    at processTicksAndRejections (internal/process/task_queues.js:93:5)","service":"user-service"}
{"level":"error","message":"Call next action: [-warn <@811049727176081448>] TypeError: Cannot read property 'type' of undefined\n    at Object.DBS.callNextAction (C:\\Users\\manag\\Documents\\Bot\\BotFiles\\bot.js:127:20)\n    at Object.module.exports.Message_Handle (C:\\Users\\manag\\Documents\\Bot\\BotFiles\\Handlers\\Message.js:33:9)\n    at processTicksAndRejections (internal/process/task_queues.js:93:5)","service":"user-service"}
{"level":"error","message":"Call next action: [-warn <@811049727176081448>] TypeError: Cannot read property 'type' of undefined\n    at Object.DBS.callNextAction (C:\\Users\\manag\\Documents\\Bot\\BotFiles\\bot.js:127:20)\n    at Object.module.exports.Message_Handle (C:\\Users\\manag\\Documents\\Bot\\BotFiles\\Handlers\\Message.js:33:9)\n    at processTicksAndRejections (internal/process/task_queues.js:93:5)","service":"user-service"}
{"level":"error","message":"Call next action: [-warn <@811049727176081448>] TypeError: Cannot read property 'type' of undefined\n    at Object.DBS.callNextAction (C:\\Users\\manag\\Documents\\Bot\\BotFiles\\bot.js:127:20)\n    at Object.module.exports.Message_Handle (C:\\Users\\manag\\Documents\\Bot\\BotFiles\\Handlers\\Message.js:33:9)\n    at processTicksAndRejections (internal/process/task_queues.js:93:5)","service":"user-service"}
{"level":"error","message":"Call next action: [-warns <@811049727176081448>] TypeError: Cannot read property 'type' of undefined\n    at Object.DBS.callNextAction (C:\\Users\\manag\\Documents\\Bot\\BotFiles\\bot.js:127:20)\n    at Object.module.exports.Message_Handle (C:\\Users\\manag\\Documents\\Bot\\BotFiles\\Handlers\\Message.js:33:9)\n    at processTicksAndRejections (internal/process/task_queues.js:93:5)","service":"user-service"}
{"level":"error","message":"Call next action: [arn <@811049727176081448>] TypeError: Cannot read property 'type' of undefined\n    at Object.DBS.callNextAction (C:\\Users\\manag\\Documents\\Bot\\BotFiles\\bot.js:127:20)\n    at Object.module.exports.Message_Handle (C:\\Users\\manag\\Documents\\Bot\\BotFiles\\Handlers\\Message.js:33:9)\n    at processTicksAndRejections (internal/process/task_queues.js:93:5)","service":"user-service"}
{"level":"error","message":"Call next action: [-warns <@811049727176081448>] TypeError: Cannot read property 'type' of undefined\n    at Object.DBS.callNextAction (C:\\Users\\manag\\Documents\\Bot\\BotFiles\\bot.js:127:20)\n    at Object.module.exports.Message_Handle (C:\\Users\\manag\\Documents\\Bot\\BotFiles\\Handlers\\Message.js:33:9)\n    at processTicksAndRejections (internal/process/task_queues.js:93:5)","service":"user-service"}
{"level":"error","message":"Loading mods: Error: ENOENT: no such file or directory, scandir 'C:\\Users\\manag\\Documents\\Bot\\BotFiles\\mods'","service":"user-service"}
{"level":"error","message":"Loading mods: Error: ENOENT: no such file or directory, scandir 'C:\\Users\\manag\\Documents\\Bot\\BotFiles\\mods'","service":"user-service"}
